<?xml version="1.0" encoding="UTF-8" ?>
<testsuite failures="0" time="1.281" errors="0" skipped="0" tests="1" name="com.vegaasen.htpasswd.server.dao.impl.SimpleIntegrationTest">
  <properties>
    <property name="java.runtime.name" value="Java(TM) SE Runtime Environment"/>
    <property name="sun.boot.library.path" value="c:\apps\intellij10\jre\jre\bin"/>
    <property name="java.vm.version" value="17.1-b03"/>
    <property name="java.vm.vendor" value="Sun Microsystems Inc."/>
    <property name="java.vendor.url" value="http://java.sun.com/"/>
    <property name="path.separator" value=";"/>
    <property name="guice.disable.misplaced.annotation.check" value="true"/>
    <property name="java.vm.name" value="Java HotSpot(TM) Client VM"/>
    <property name="file.encoding.pkg" value="sun.io"/>
    <property name="idea.launcher.port" value="7537"/>
    <property name="user.country" value="NO"/>
    <property name="sun.java.launcher" value="SUN_STANDARD"/>
    <property name="sun.os.patch.level" value="Service Pack 3"/>
    <property name="java.vm.specification.name" value="Java Virtual Machine Specification"/>
    <property name="user.dir" value="C:\dev\workspace_java_mine\htpasswd-java-webapp"/>
    <property name="java.runtime.version" value="1.6.0_22-b04"/>
    <property name="java.awt.graphicsenv" value="sun.awt.Win32GraphicsEnvironment"/>
    <property name="java.endorsed.dirs" value="c:\apps\intellij10\jre\jre\lib\endorsed"/>
    <property name="os.arch" value="x86"/>
    <property name="java.io.tmpdir" value="C:\DOCUME~1\t769765\LOCALS~1\Temp\"/>
    <property name="line.separator" value="
"/>
    <property name="java.vm.specification.vendor" value="Sun Microsystems Inc."/>
    <property name="user.variant" value=""/>
    <property name="os.name" value="Windows XP"/>
    <property name="classworlds.conf" value="C:\apps\maven\apache-maven-3.0.4\bin\m2.conf"/>
    <property name="sun.jnu.encoding" value="Cp1252"/>
    <property name="java.library.path" value="c:\apps\intellij10\jre\jre\bin;.;C:\WINNT\Sun\Java\bin;C:\WINNT\system32;C:\WINNT;C:\apps\IntelliJ10\bin\..\.\bin;C:\apps\ImageMagick-6.7.6-Q16;C:\WINNT\system32;C:\WINNT;C:\WINNT\System32\Wbem;C:\Program Files\QuickTime\QTSystem\;C:\WINNT\system32\WindowsPowerShell\v1.0;C:\apps\slikSvn\bin;C:\apps\tortoiseSvn\bin;C:\apps\tortoiseGit\bin;C:\apps\maven\apache-maven-3.0.4\bin;C:\Program Files\Java\jdk1.6.0_31\bin;C:\apps\cygwin\bin;C:\apps\Git\bin;C:\WINNT\system32;C:\WINNT;C:\WINNT\System32\Wbem;C:\Program Files\QuickTime\QTSystem\;C:\WINNT\system32\WindowsPowerShell\v1.0;c:\apps\intellij10\jre\jre\bin"/>
    <property name="java.specification.name" value="Java Platform API Specification"/>
    <property name="java.class.version" value="50.0"/>
    <property name="sun.management.compiler" value="HotSpot Client Compiler"/>
    <property name="os.version" value="5.1"/>
    <property name="user.home" value="C:\Documents and Settings\t769765"/>
    <property name="user.timezone" value="Europe/Berlin"/>
    <property name="java.awt.printerjob" value="sun.awt.windows.WPrinterJob"/>
    <property name="java.specification.version" value="1.6"/>
    <property name="file.encoding" value="UTF-8"/>
    <property name="idea.launcher.bin.path" value="C:\apps\IntelliJ10\bin"/>
    <property name="user.name" value="t769765"/>
    <property name="java.class.path" value="C:\apps\maven\apache-maven-3.0.4\boot\plexus-classworlds-2.4.jar;C:\apps\IntelliJ10\lib\idea_rt.jar"/>
    <property name="java.vm.specification.version" value="1.0"/>
    <property name="sun.arch.data.model" value="32"/>
    <property name="java.home" value="c:\apps\intellij10\jre\jre"/>
    <property name="java.specification.vendor" value="Sun Microsystems Inc."/>
    <property name="user.language" value="no"/>
    <property name="awt.toolkit" value="sun.awt.windows.WToolkit"/>
    <property name="java.vm.info" value="mixed mode, sharing"/>
    <property name="java.version" value="1.6.0_22"/>
    <property name="java.ext.dirs" value="c:\apps\intellij10\jre\jre\lib\ext;C:\WINNT\Sun\Java\lib\ext"/>
    <property name="sun.boot.class.path" value="c:\apps\intellij10\jre\jre\lib\resources.jar;c:\apps\intellij10\jre\jre\lib\rt.jar;c:\apps\intellij10\jre\jre\lib\sunrsasign.jar;c:\apps\intellij10\jre\jre\lib\jsse.jar;c:\apps\intellij10\jre\jre\lib\jce.jar;c:\apps\intellij10\jre\jre\lib\charsets.jar;c:\apps\intellij10\jre\jre\classes"/>
    <property name="java.vendor" value="Sun Microsystems Inc."/>
    <property name="maven.home" value="C:\apps\maven\apache-maven-3.0.4"/>
    <property name="file.separator" value="\"/>
    <property name="java.vendor.url.bug" value="http://java.sun.com/cgi-bin/bugreport.cgi"/>
    <property name="sun.cpu.endian" value="little"/>
    <property name="sun.io.unicode.encoding" value="UnicodeLittle"/>
    <property name="sun.desktop" value="windows"/>
    <property name="sun.cpu.isalist" value="pentium_pro+mmx pentium_pro pentium+mmx pentium i486 i386 i86"/>
  </properties>
  <testcase time="1.171" classname="com.vegaasen.htpasswd.server.dao.impl.SimpleIntegrationTest" name="testPersistTestEntity"/>
</testsuite>